[    0.000000] Initializing cgroup subsys cpuset
[    0.000000] Initializing cgrup subss pu
[    0.000000] Initialzig cgroup subsys cpuacct
[    0.000000] Linux version 4.4.0-134-generic (buildd@lgw01-amd64-033) (gcc version 5.4.0 20160609 (Ubuntu 5.4.0-6ubuntu1~16.04.10) ) #160-Ubuntu SMP Wed Aug 15 14:58:00 UTC 28 Ubuntu 4.4.0-134.160-generic 4.4.140)
[    0.000000] Command line: BOOT_IMAGE=/boot/vmlinuz-4.4.0-134-generic root=LABEL=cloudimg-rootfs ro console=tty1 console=ttyS0
[    0.000000] KERNEL supported cpus:
[    0.000000]   Intel GenuineIntel
[    0.000000]   AMD AuthenticAMD
[    0.000000  Cetaur Cnturauls
[    0.000000] x86/fpu: xstate_offset[2]:  576, xstate_sizes[2]:  256
[    0.000000] x86/fpu: Supporting XSAVE feature 0x01: 'x87 floating point registers'
[    0.000000] x86/fpu: Supporting XSAVE feature 0x02: 'SSE registers'
[    0.000000] x86/fpu: Supporting XSVEfeture 0x04: VX registers'
[    0.000000] x86/fpu: Enabled xstate features 0x7, context size is 832 bytes, using 'standard' format.
[    0.000000] e820: BIOS-provided physical RAM map:
[    0.000000] BIOS-e820: [mem 0x0000000000000000-0x000000000009fbff] usable
[    0.000000]BIOS-82: mem 0x000000000009fc00-0x0000000000ffff] reservd[    0.000000]BIS-820: [mem 0x0000000000000-0x000000000ffff] reserved
[    0.000000] BIOS-e820: [mem 0x00000000010000-0x000003ffeffff] usable
[    0.000000] BIOS-e820: me 0x000000003fff0000-0x000000003fffffff] ACPI data
[    0.000000] BIOS-e820: [mem 0x00000000fec0000-0x00000000fec0fff] reseve
    0.000000] BIOS-e820: [mem 0x00000000fee00000-0x00000000fee00fff] reserved
[    0.000000] BIOS-e820: [mem 0x00000000fffc0000-0x00000000ffffffff] reserved
[    0.000000] NX (Execute Disable) protection: active
[    0.000000] SMBIOS 2.5 present.
[    0.000000] Hypervisor detected: KVM
[    0.000000] e820: last_pfn = 0x3fff0 max_arch_pfn = 0x400000000
[    0.000000] MTRR: Disabled
[    0.000000] x86/PAT: MTRRs disabled, skipping PAT initialization to.
[    0000000] CP MTRRs all blank - virtualized system.
[    0.000000] x86/PAT: Configuration [0-7]: WB  WT  UC- UC  WB  WT  UC- UC  
[   0.0000] found SMP MP-table at [mem 0009ff0-0x009ffff] mapped at [ffff88000009fff0]
[    0.000000] Scanning 1 areas for low memory corruption
[    0.000000] RAMDISK: [mem 0x3630c000-0x3717dfff]
[    0.000000] ACPI: Early table checksum verification disabled
[    0.000000] ACPI: RSDP 0x00000000000E0000 00024 (v02 VBOX  )
[    0.000] ACPI: XSDT 0x000000003FFF0030 00003C (v01 VBOX  VBXXSDT 00000 ASL 0000061)
[    0.000000] ACPI: FACP 0x00000003FFF00F0 0000F4 (v04 VBOX   VBOXFAP 000001 ASL  00001)
[    0000000] ACPI: DSDT 0x0000003FFF04700021FF (v02 VBOX   VBOXBIOS 00000002 INTL 20100528)
[    0.000000] ACI:FACS 0x000000003FF000000040
   0.000000] ACPI: FACS 0x000000003FFF0200 000040
[    0.000000] ACPI: APIC 0x000000003FFF0240 00005C (v02 VBOX   VBOXAPIC 00000001 ASL  00000061)
[    0.000000] ACPI: SSDT 0x000000003FFF02A0 0001CC (v01 VBOX   VBOXCPUT 00000002 INTL 20100528)
[    0.0000] N NUMA cofiurtion found[    0.000000 Fkig a node at [mem x0000000000000000-0x000000003ffeffff]
[    0.000000] NODE_DATA(0) allocated [mem 0x3ffeb000-0x3ffeffff]
[    0.000000] kvm-clock: Using msrs 4b564d01 and 4b564d00
[    0.000000] kvm-clock: cpu 0, msr 0:3ffe3001, primary cpu clock
[    0.000000] kvm-clock: using sched offset of 3379460638 cycles
[    0.000000] clocksource: kvm-clock: mask: 0xffffffffffffffff max_cycles: 0x1cd42e4dffb, max_idle_ns: 881590591483 ns
[    0.000000] Zone ranges:
[    0.000000]   DMA      [mem 0x0000000000001000-0x0000000000ffffff]
[    0.000000]   DMA32    [mem 0x0000000001000000-0x000000003ffeffff]
[    0.000000]   Normal   empty
[    0.000000]   Device   empty
[    0.000000] Movable zone start for each node
[    0.000000] Early memory node ranges
[    0.000000]   node   0: [mem 0x0000000000001000-0x000000000009efff]
[    0.00000]   node   0: [mem 00000000010000-x00000003fefff]
[    0.000000] Initmem setup node 0 [mem 0x0000000000001000-0x000000003ffeffff]
[    0.000000] ACPI: PM-Timer IO Port: 0x4008
[    0.000000] IOAPIC[0]: apic_id 2, version 32, address 0xfec00000, GSI 0-23
[    0.000000] ACPI: INT_SRC_OVR (bus 0 bus_irq 0 global_irq 2 dfl dfl)
[    0.000000] ACPI: INT_SRC_OVR (bu 0bus_ir 9 glba_irq 9 low level)
[    0.000000] Using ACPI (MADT) for SMP configuration information
[    0.000000] smpboot: Allowing 2 CPUs, 0 hotplug CPUs
[    0.000000] PM: Registered nosave memory: [mem 0x00000000-0x00000ff]
[   0.000000] PM: Rgiteed nosave memory: [mem 0x0009f000-0x0009ffff]
[    0.000000] PM: Registered nosave memory: [mem 0x000a0000-0x000effff]
[    0.0000000]PM Rgistered nsae emory [em0x000f0000-0x000fffff]
[    0.00000] e820: [mem 0x40000000-0xfebfffff] available orPPCI devices
[    0.000000] Booting paravirtualized kernel on KVM
[    0.000000] clocksource: refined-jiffies: mask: 0xffffffff max_cycles: 0xffffffff, max_ilens: 7645519600211568 ns
[    0.000000] setup_percpu: NR_CPUS:512 nr_cpumask_bits:512 nr_cpu_ids:2 nr_node_ids:1
[    0.000000] PERCPU: Embedded 34 pages/cpu @ffff88003fc00000 s99544 r8192 d31528 u1048576
[    0.000000] PV qspinlock hash table entries: 256 (order: 0, 4096 bytes)
[    0.000000] Buit  znelists in Node order, obliy grouping on.  tal pge: 57912
[   .00000] Policy on: MA32
[    0.0000] Krnel command line: BOOT_IMAGE=/boot/vmlinuz-4.4.0-134-generic root=LABEL=cloudimg-rootfs ro console=tty1 consoe=ttyS0[    0.000000] PID hash table entries: 4096 (order: 3, 32768 bytes)
[   .000000] Memoy:99724K/1048120K available (8554K kernel code, 1314K rwdata, 4004K rodata, 1516K init, 1316K bss, 50396K reserved, 0K cma-reserved)
[    0.000000] SLUB: HWalign=64, Order=0-3, MinObjects=0, CPUs=2, Nodes=1
[    0.000000] Kernel/User page tables isolation: enabled
[    0.000000] HierarchialRCU implmetaion.
[    000000] 	Build-time adjustment of leaf fanou t 64.
[    0.000000] 	RCU restricting CPUs from NR_CPUS=512 to nr_cpu_ids=2.
[    0.000000] RU:djustig eometry for rcu_fanout_leaf=64, nr_cpu_ids=2
[    0.000000] NR_IRQS:33024nr_irqs:440 16
[    0.000000] Console: colour VGA+ 80x25
[    0.000000] console [tty1] enabled
[    0.000000] console [ttyS0] enabled
[    0.000000] tsc: Detected 1599.999 MHz processor
[    3.930559] Calibrating delay loop (skipped) preset value.. 3199.99 BogoMIPS (lpj=6399996)
[    33.932973] pid_max: default: 32768 minimum: 301
[    3.943408] ACPI: Core revision 20150930
[    3.945654] ACPI: 2 ACPI AML tables successfully acquired and loaded
[    3.947541] Security Framework initialized
[    3.950903] Yama: becoming mindful.
[    3.952264] AppArmor: AppArmor initialized
[    3.953656] Dentry cache hash table entries: 131072 (order: 8, 1048576 bytes)
[    3.957895] Inode-cache hash table entries: 65536 (order: 7, 524288 bytes)
[    3.959890] Mount-cache hash table entries: 2048 (order: 2, 16384 bytes)
[    3.961666] Mountpoint-cache hash table entries: 2048 (order: 2, 16384 bytes)
[    3.963827] Initializing cgroup subsys io
[    3.965026] Initializing cgroup subsys memory
[    3.966405] Initializing cgroup subsys devices
[    3.967699] Initializing cgroup subsys freezer
[    3.968978] Initializing cgroup subsys net_cls
[    3.970350] Initializing cgroup subsys perf_event
[    3.971747] Initializing cgroup subsys net_prio
[    3.973096] Initializing cgroup subsys hugetlb
[    3.974489] Initializing cgroup subsys pids
[    3.976825] mce: CPU supports 0 MCE banks
[    3.978044] Last level iTLB entries: 4KB 64, 2MB 8, 4MB 8
[    3.985180] Last level dTLB entries: 4KB 64, 2MB 0, 4MB 0, 1GB 4
[    3.986841] Spectre V2 : Mitigation: Full generic retpoline
[    3.988364] Spectre V2 : Speculation control IBPB not-supported IBRS not-supported
[    3.990712] Speculative Store Bypass: Vulnerable
[    3.995334] Freeing SMP alternatives memory: 32K
[    4.006273] ftrace: allocating 32266 entries in 127 pages
[    4.075715] smpboot: APIC(0) Converting physical 0 to logical package 0
[    4.077576] smpboot: Max logical packages: 1
[    4.079217] x2apic enabled
[    4.080420] Switched APIC routing to physical x2apic.
[    4.083229] ..TIMER: vector=0x30 apic1=0 pin1=2 apic2=-1 pin2=-1
[    4.190181] smpboot: CPU0: Intel(R) Core(TM) i5-5250U CPU @ 1.60GHz (family: 0x6, model: 0x3d, stepping: 0x4)
[    4.258694] Performance Events: unsupported p6 CPU model 61 no PMU driver, software events only.
[    4.304202] KVM setup paravirtual spinlock
[    4.306105] x86: Booting SMP configuration:
[    4.307770] .... node  #0, CPUs:      #1
[    4.334632] kvm-clock: cpu 1, msr 0:3ffe3041, secondary cpu clock
[    4.336913] mce: CPU supports 0 MCE banks
[    4.339566] x86: Booted up 1 node, 2 CPUs
[    4.363354] smpboot: Total of 2 processors activated (6399.99 BogoMIPS)
[    4.374789] devtmpfs: initialized
[    4.379568] evm: security.selinux
[    4.404411] evm: security.SMACK64
[    4.416669] evm: security.SMACK64EXEC
[    4.445064] evm: security.SMACK64TRANSMUTE
[    4.447861] evm: security.SMACK64MMAP
[    4.460497] evm: security.ima
[    4.461384] evm: security.capability
[    4.467306] clocksource: jiffies: mask: 0xffffffff max_cycles: 0xffffffff, max_idle_ns: 7645041785100000 ns
[    4.480123] futex hash table entries: 512 (order: 3, 32768 bytes)
[    4.481986] pinctrl core: initialized pinctrl subsystem
[    4.483758] RTC time: 15:49:49, date: 09/28/18
[    4.485395] NET: Registered protocol family 16
[    4.498614] cpuidle: using governor ladder
[    4.514231] cpuidle: using governor menu
[    4.527794] PCCT header not found.
[    4.529627] ACPI: bus type PCI registered
[    4.531854] acpiphp: ACPI Hot Plug PCI Controller Driver version: 0.5
[    4.554586] PCI: Using configuration type 1 for base access
[    4.591399] ACPI: Added _OSI(Module Device)
[    4.599624] ACPI: Added _OSI(Processor Device)
[    4.600913] ACPI: Added _OSI(3.0 _SCP Extensions)
[    4.602241] ACPI: Added _OSI(Processor Aggregator Device)
[    4.604601] ACPI: Executed 1 blocks of module-level executable AML code
[    4.621640] ACPI: Interpreter enabled
[    4.632663] ACPI: (supports S0 S5)
[    4.646996] ACPI: Using IOAPIC for interrupt routing
[    4.665435] PCI: Using host bridge windows from ACPI; if necessary, use "pci=nocrs" and report a bug
[    4.713159] ACPI: PCI Root Bridge [PCI0] (domain 0000 [bus 00-ff])
[    4.715045] acpi PNP0A03:00: _OSC: OS supports [ASPM ClockPM Segments MSI]
[    4.719500] acpi PNP0A03:00: _OSC: not requesting OS control; OS requires [ExtendedConfig ASPM ClockPM MSI]
[    4.724427] acpi PNP0A03:00: fail to add MMCONFIG information, can't access extended PCI configuration space under this bridge.
[    4.728521] PCI host bridge to bus 0000:00
[    4.741941] pci_bus 0000:00: root bus resource [io  0x0000-0x0cf7 window]
[    4.766703] pci_bus 0000:00: root bus resource [io  0x0d00-0xffff window]
[    4.778918] pci_bus 0000:00: root bus resource [mem 0x000a0000-0x000bffff window]
[    4.792643] pci_bus 0000:00: root bus resource [mem 0x40000000-0xfdffffff window]
[    4.821824] pci_bus 0000:00: root bus resource [bus 00-ff]
[    4.838738] pci 0000:00:01.1: legacy IDE quirk: reg 0x10: [io  0x01f0-0x01f7]
[    4.862526] pci 0000:00:01.1: legacy IDE quirk: reg 0x14: [io  0x03f6]
[    4.884900] pci 0000:00:01.1: legacy IDE quirk: reg 0x18: [io  0x0170-0x0177]
[    4.904206] pci 0000:00:01.1: legacy IDE quirk: reg 0x1c: [io  0x0376]
[    4.961934] pci 0000:00:07.0: quirk: [io  0x4000-0x403f] claimed by PIIX4 ACPI
[    4.986855] pci 0000:00:07.0: quirk: [io  0x4100-0x410f] claimed by PIIX4 SMB
[    5.033174] ACPI: PCI Interrupt Link [LNKA] (IRQs 5 9 10 *11)
[    5.059485] ACPI: PCI Interrupt Link [LNKB] (IRQs 5 9 *10 11)
[    5.064204] ACPI: PCI Interrupt Link [LNKC] (IRQs 5 *9 10 11)
[    5.074238] ACPI: PCI Interrupt Link [LNKD] (IRQs 5 9 10 *11)
[    5.103702] ACPI: Enabled 2 GPEs in block 00 to 07
[    5.117035] vgaarb: setting as boot device: PCI:0000:00:02.0
[    5.121889] vgaarb: device added: PCI:0000:00:02.0,decodes=io+mem,owns=io+mem,locks=none
[    5.151691] vgaarb: loaded
[    5.165049] vgaarb: bridge control possible 0000:00:02.0
[    5.188473] SCSI subsystem initialized
[    5.199540] ACPI: bus type USB registered
[    5.208775] usbcore: registered new interface driver usbfs
[    5.220458] usbcore: registered new interface driver hub
[    5.243480] usbcore: registered new device driver usb
[    5.269891] PCI: Using ACPI for IRQ routing
[    5.276253] NetLabel: Initializing
[    5.288870] NetLabel:  domain hash size = 128
[    5.311250] NetLabel:  protocols = UNLABELED CIPSOv4
[    5.327462] NetLabel:  unlabeled traffic allowed by default
[    5.343436] amd_nb: Cannot enumerate AMD northbridges
[    5.372324] clocksource: Switched to clocksource kvm-clock
[    5.42132] pprmr:ApArmor Filesystem Enabled
[    5.603909] pnp: PnP ACPI init
[    5.606558] pnp: PnP ACPI: found 3 devices
[    5.619444] clocksource: acpi_pm: mask: 0xffffff max_cycles: 0xffffff, max_idle_ns: 2085701024 ns
[    5.623519] NET: Registered protocol family 2
[    5.626199] TCP established hash table entries: 8192 (order: 4, 65536 bytes)
[    5.633871] TCP bind hash table entries: 8192 (order: 5, 131072 bytes)
[    5.61926] TCP: Hash tables configured (established 8192 bind 8192)
[    5.718617] UDP hash table entries: 512 (order: 2, 16384 bytes)
[    5.720217] UDP-Lite hash table entries: 512 (order: 2, 16384 bytes)
[    5.721996] NET: Registered protocol family 1
[    5.723451] pci 0000:00:00.0: Limitin dret CI/PCI transfers
[    5.836411] pci 0000:00:01.0: Activating ISA DMA hang workarounds
[    5.838213] Unpacking initramfs...

[    6.116167] Freeing initrd memory: 14792K
[    6.136880] RAPL PMU detected, API unit is 2^-32 Joules, 4 fixed counters 10737418240 ms ovfl timer
[    6.142220] hw unit of domain pp0-core 2^-0 Joules
[    6.145817] hw unit of domain package 2^-0 Joules
[    6.149833] hw unit of domain dram 2^-0 Joules
[    6.151132] hw unit of domain pp1-gpu 2^-0 Joules
[    6.159462] platform rtc_cmos: registered platform RTC device (no PNP device found)
[    6.173954] Scanning for low memory corruption every 60 seconds
[    6.177002] audit: initializing netlink subsys (disabled)
[    6.189697] audit: type=2000 audit(1538149791.256:1): initialized
[    6.191926] Initialise system trusted keyring
[    6.217936] HugeTLB registered 2 MB page size, pre-allocated 0 pages
[    6.250702] zbud: loaded
[    6.264597] VFS: Disk quotas dquot_6.6.0
[    6.281305] VFS: Dquot-cache hash table entries: 512 (order 0, 4096 bytes)
[    6.297707] squashfs: version 4.0 (2009/01/31) Phillip Lougher
[    6.323830] fuse init (API version 7.23)
[    6.333509] Key type big_key registered
[    6.356708] Allocating IMA MOK and blacklist keyrings.
[    6.388203] Key type asymmetric registered
[    6.389269] Asymmetric key parser 'x509' registered
[    6.420608] Block layer SCSI generic (bsg) driver version 0.4 loaded (major 249)
[    6.445860] io scheduler noop registered
[    6.461729] io scheduler deadline registered (default)
[    6.463145] io scheduler cfq registered
[    6.464328] pci_hotplug: PCI Hot Plug PCI Core version: 0.5
[    6.488773] pciehp: PCI Express Hot Plug Controller Driver version: 0.4
[    6.495847] ACPI: AC Adapter [AC] (off-line)
[    6.497223] input: Power Button as /devices/LNXSYSTM:00/LNXPWRBN:00/input/input0
[    6.541764] ACPI: Power Button [PWRF]
[    6.570752] input: Sleep Button as /devices/LNXSYSTM:00/LNXSLPBN:00/input/input1
[    6.613309] ACPI: Sleep Button [SLPF]
[    6.629712] GHES: HEST is noenbled!
[    6.630903] ACPI: Battery Slot [BAT0] (battery present)

[    6.732433] Serial: 8250/16550 driver, 32 ports, IRQ sharing enabled
[    6.757469] 00:02: ttyS0 at I/O 0x3f8 (irq = 4, base_baud = 115200) is a 16550A
[    6.767918] Linux agpgat interfae v0.103

[    6.847291] loop: module loaded
[    6.849078] scsi host0: ata_piix
[    6.850487] scsi host1: ata_piix
[    6.865359] ata1: PATA max UDMA/33 cmd 0x1f0 ctl 0x3f6 bmdma 0xd000 irq 14
[    6.913517] ata2: PATA max UDMA/33 cmd 0x170 ctl 0x376 bmdma 0xd008 irq 15
[    6.937538] libphy: Fixed MDIO Bus: probed
[    6.943311] tun: Univsa TUN/APdevice driver, 1.6
[    7.097303tu: C)199-00 Mx Krasnyansky <ax@qalom.cm>

[    7.524130] tsc: Refine TC locksour cliraio: 1599.282 MHz
[    7.796239] clocksource: tsc: mask: 0xffffffffffffffff max_cycles: 0x170d7ea3198, max_idle_ns: 440795242958 ns
[    7.796444] PPP generic driver version 2.4.2
[    7.796508] ehci_hcd: USB 2.0 'Enhanced' Host Controller (EHCI) Driver
[    7.796512] ehci-pci: EHCI PCI platform driver
[    7.796529] ehci-platform: EHCI generic platform driver
[    7.796539] ohci_hcd: USB 1.1 'Open' Host Controller (OHCI) Driver
[    7.796545] ohci-pci: OHCI PCI platform driver
[    7.796553] ohci-platform: OHCI generic platform driver
[    7.796561] uhci_hcd: USB Universal Host Controller Interface driver
[    7.796622] i8042: PNP: PS/2 Controller [PNP0303:PS2K,PNP0f03:PS2M] at 0x60,0x64 irq 1,12
[    7.844778] serio: i8042 KBD port at 0x60,0x64 irq 1
[    7.844787] serio: i8042 AUX port at 0x60,0x64 irq 12
[    7.845006] mousedev: PS/2 mouse device common for all mice
[    7.845494] rtc_cmos rtc_cmos: rtc core: registered rtc_cmos as rtc0
[    7.845584] rtc_cmos rtc_cmos: alarms up to one day, 114 bytes nvram
[    7.845594] i2c /dev entries driver
[    7.845681] device-mapper: uevent: version 1.0.3
[    7.845765] device-mapper: ioctl: 4.34.0-ioctl (2015-10-28) initialised: dm-devel@redhat.com
[    7.845791] ledtrig-cpu: registered to indicate activity on CPUs
[    7.846286] NET: Registered protocol family 10
[    7.846513] NET: Registered protocol family 17
[    7.846535] Key type dns_resolver registered
[    7.846905] registered taskstats version 1
[    7.846921] Loading compiled-in X.509 certificates
[    7.847938] Loaded X.509 cert 'Build time autogenerated kernel key: 4eb3d024ac16f76c1747ffd474694c84db21038b'
[    7.847976] zswap: loaded using pool lzo/zbud
[    7.850181] Key type trusted registered
[    7.853904] Key type encrypted registered
[    7.853914] AppArmor: AppArmor sha1 policy hashing enabled
[    7.853917] ima: No TPM chip found, activating TPM-bypass!
[    7.853924] ima: Allocated hash algorithm: sha1
[    7.853943] evm: HMAC attrs: 0x1
[    7.854407]   Magic number: 2:502:842
[    7.855367] rtc_cmos rtc_cmos: setting system clock to 2018-09-28 15:49:53 UTC (1538149793)
[    7.855518] BIOS EDD facility v0.16 2004-Jun-25, 0 devices found
[    7.855518] EDD information not available.
[    7.890612] input: AT Translated Set 2 keyboard as /devices/platform/i8042/serio0/input/input2
[    8.082523] Freeing unused kernel memory: 1516K
[    8.092551] Write protecting the kernel read-only data: 14336k
[    8.173703] Freeing unused kernel memory: 1672K
[    8.191306] Freeing unused kernel memory: 92K
Loading, please wait...
starting version[    8.240800] random: systemd-udevd: uninitialized urandom read (16 bytes read, 3 bits of entropy available)
 229
[    8.241613] random: udevadm: uninitialized urandom read (16 bytes read, 3 bits of entropy available)
[    8.241639] random: udevadm: uninitialized urandom read (16 bytes read, 3 bits of entropy available)
[    8.250584] random: udevadm: uninitialized urandom read (16 bytes read, 3 bits of entropy available)
[    8.250632] random: udevadm: uninitialized urandom read (16 bytes read, 3 bits of entropy available)
[    8.250779] random: udevadm: uninitialized urandom read (16 bytes read, 3 bits of entropy available)
[    8.250833] random: udevadm: uninitialized urandom read (16 bytes read, 3 bits of entropy available)
[    8.250887] random: udevadm: uninitialized urandom read (16 bytes read, 3 bits of entropy available)
[    8.250939] random: udevadm: uninitialized urandom read (16 bytes read, 3 bits of entropy available)
[    8.250989] random: udevadm: uninitialized urandom read (16 bytes read, 3 bits of entropy available)
[    8.628855] e1000: Intel(R) PRO/1000 Network Driver - version 7.3.21-k8-NAPI
[    8.630774] e1000: Copyright (c) 1999-2006 Intel Corporation.
[    8.634530] Fusion MPT base driver 3.04.20
[    8.651134] Copyright (c) 1999-2008 LSI Corporation
[    8.667638] Fusion MPT SPI Host driver 3.04.20
[    8.682348] AVX2 version of gcm_enc/dec engaged.
[    8.683876] AES CTR mode by8 optimization enabled
[    8.889347] input: ImExPS/2 Generic Explorer Mouse as /devices/platform/i8042/serio1/input/input4
[    9.026194] e1000 0000:00:03.0 eth0: (PCI:33MHz:32-bit) 02:1d:76:b3:3c:fe
[    9.054768] e1000 0000:00:03.0 eth0: Intel(R) PRO/1000 Network Connection
[    9.083811] mptbase: ioc0: Initiating bringup
[    9.148823] ioc0: LSI53C1030 A0: Capabilities={Initiator}
[    9.360160] scsi host2: ioc0: LSI53C1030 A0, FwRev=00000000h, Ports=1, MaxQ=256, IRQ=20
[    9.473869] scsi 2:0:0:0: Direct-Access     VBOX     HARDDISK         1.0  PQ: 0 ANSI: 5
[    9.554200] scsi target2:0:0: Beginning Domain Validation
[    9.581520] scsi target2:0:0: Domain Validation skipping write tests
[    9.582892] scsi target2:0:0: Ending Domain Validation
[    9.584157] scsi target2:0:0: asynchronous
[    9.585994] scsi 2:0:1:0: Direct-Access     VBOX     HARDDISK         1.0  PQ: 0 ANSI: 5
[    9.672413] scsi target2:0:1: Beginning Domain Validation
[    9.681615] scsi target2:0:1: Domain Validation skipping write tests
[    9.683145] scsi target2:0:1: Ending Domain Validation
[    9.684449] scsi target2:0:1: asynchronous
[    9.713583] sd 2:0:0:0: Attached scsi generic sg0 type 0
[    9.715461] sd 2:0:0:0: [sda] 20971520 512-byte logical blocks: (10.7 GB/10.0 GiB)
[    9.718270] sd 2:0:1:0: Attached scsi generic sg1 type 0
[    9.720403] sd 2:0:0:0: [sda] Write Protect is off
[    9.721663] sd 2:0:1:0: [sdb] 20480 512-byte logical blocks: (10.5 MB/10.0 MiB)
[    9.723768] sd 2:0:0:0: [sda] Incomplete mode parameter data
[    9.726523] sd 2:0:0:0: [sda] Assuming drive cache: write through
[    9.728069] sd 2:0:1:0: [sdb] Write Protect is off
[    9.729945] sd 2:0:1:0: [sdb] Incomplete mode parameter data
[    9.731437] sd 2:0:1:0: [sdb] Assuming drive cache: write through
[    9.734746]  sda: sda1
[    9.737959] sd 2:0:0:0: [sda] Attached SCSI disk
[    9.744240] sd 2:0:1:0: [sdb] Attached SCSI disk
[   10.030151] e1000 0000:00:08.0 eth1: (PCI:33MHz:32-bit) 08:00:27:c4:74:05
[   10.050960] e1000 0000:00:08.0 eth1: Intel(R) PRO/1000 Network Connection
[   10.093198] e1000 0000:00:03.0 enp0s3: renamed from eth0
[   10.113077] e1000 0000:00:08.0 enp0s8: renamed from eth1
Begin: Loading e[   11.562927] md: linear personality registered for level -1
ssential drivers ... [   11.569452] md: multipath personality registered for level -4
[   11.580814] md: raid0 personality registered for level 0
[   11.593714] md: raid1 personality registered for level 1
[   11.664570] raid6: sse2x1   gen()  7738 MB/s
[   11.760548] raid6: sse2x1   xor()  6169 MB/s
[   11.836584] raid6: sse2x2   gen()  8718 MB/s
[   11.928852] raid6: sse2x2   xor()  6675 MB/s
[   12.016604] raid6: sse2x4   gen() 10388 MB/s
[   12.092616] raid6: sse2x4   xor()  8193 MB/s
[   12.184517] raid6: avx2x1   gen() 14558 MB/s
[   12.268567] raid6: avx2x2   gen() 18764 MB/s
[   12.348446] raid6: avx2x4   gen() 18378 MB/s
[   12.349794] raid6: using algorithm avx2x2 gen() 18764 MB/s
[   12.351305] raid6: using avx2x2 recovery algorithm
[   12.386588] xor: automatically using best checksumming function:
[   12.512576]    avx       : 21453.000 MB/sec
[   12.515570] async_tx: api initialized (async)
[   12.536614] md: raid6 personality registered for level 6
[   12.544432] md: raid5 personality registered for level 5
[   12.547793] md: raid4 personality registered for level 4
[   12.575456] md: raid10 personality registered for level 10
done.
Begin: Running /scripts/init-premount ... done.
Begin: Mounting root file system ... Begin: Running /scripts/local-top ... done.
Begin: Running /scripts/local-premount ... [   12.625769] Btrfs loaded
Scanning for Btrfs filesystems
done.
Warning: fsck not present, so sk[   12.677465] EXT4-fs (sda1): mounted filesystem with ordered data mode. Opts: (null)
ipping root file system
done.
Begin: Running /scripts/local-bottom ... done.
Begin: Running /scripts/init-bottom ... done.
[   12.949488] systemd[1]: systemd 229 running in system mode. (+PAM +AUDIT +SELINUX +IMA +APPARMOR +SMACK +SYSVINIT +UTMP +LIBCRYPTSETUP +GCRYPT +GNUTLS +ACL +XZ -LZ4 +SECCOMP +BLKID +ELFUTILS +KMOD -IDN)
[   13.083927] systemd[1]: Detected virtualization oracle.
[   13.086466] systemd[1]: Detected architecture x86-64.

Welcome to [1mUbuntu 16.04.5 LTS[0m!

[   13.119791] systemd[1]: Set hostname to <ubuntu>.
[   13.188285] systemd[1]: Initializing machine ID from random generator.
[   13.214163] systemd[1]: Installed transient /etc/machine-id file.
[   13.584139] systemd[1]: Listening on Device-mapper event daemon FIFOs.
[[0;32m  OK  [0m] Listening on Device-mapper event daemon FIFOs.
[   13.629740] systemd[1]: Listening on LVM2 metadata daemon socket.
[[0;32m  OK  [0m] Listening on LVM2 metadata daemon socket.
[   13.719030] systemd[1]: Started Forward Password Requests to Wall Directory Watch.
[[0;32m  OK  [0m] Started Forward Password Requests to Wall Directory Watch.
[   13.735008] systemd[1]: Reached target Swap.
[[0;32m  OK  [0m] Reached target Swap.
[   13.765538] systemd[1]: Reached target Encrypted Volumes.
[[0;32m  OK  [0m] Reached target Encrypted Volumes.
[   13.820840] systemd[1]: Listening on Syslog Socket.
[[0;32m  OK  [0m] Listening on Syslog Socket.
[   13.870325] systemd[1]: Reached target User and Group Name Lookups.
[[0;32m  OK  [0m] Reached target User and Group Name Lookups.
[   13.924905] systemd[1]: Created slice System Slice.
[[0;32m  OK  [0m] Created slice System Slice.
[   13.995255] systemd[1]: Created slice system-serial\x2dgetty.slice.
[[0;32m  OK  [0m] Created slice system-serial\x2dgetty.slice.
[   14.102235] systemd[1]: Reached target System Time Synchronized.
[[0;32m  OK  [0m] Reached target System Time Synchronized.
[   14.155716] systemd[1]: Created slice User and Session Slice.
[[0;32m  OK  [0m] Created slice User and Session Slice.
[   14.240885] systemd[1]: Reached target Slices.
[[0;32m  OK  [0m] Reached target Slices.
[   14.293130] systemd[1]: Listening on Journal Socket (/dev/log).
[[0;32m  OK  [0m] Listening on Journal Socket (/dev/log).
[   14.386122] systemd[1]: Set up automount Arbitrary Executable File Formats File System Automount Point.
[[0;32m  OK  [0m] Set up automount Arbitrary Executab...ats File System Automount Point.
[   14.445090] systemd[1]: Listening on /dev/initctl Compatibility Named Pipe.
[[0;32m  OK  [0m] Listening on /dev/initctl Compatibility Named Pipe.
[   14.568978] systemd[1]: Listening on udev Kernel Socket.
[[0;32m  OK  [0m] Listening on udev Kernel Socket.
[   14.605173] systemd[1]: Listening on udev Control Socket.
[[0;32m  OK  [0m] Listening on udev Control Socket.
[   14.617266] systemd[1]: Started Trigger resolvconf update for networkd DNS.
[[0;32m  OK  [0m] Started Trigger resolvconf update for networkd DNS.
[   14.633741] systemd[1]: Listening on Journal Audit Socket.
[[0;32m  OK  [0m] Listening on Journal Audit Socket.
[   14.651268] systemd[1]: Listening on Journal Socket.
[[0;32m  OK  [0m] Listening on Journal Socket.
[   14.680744] systemd[1]: Starting Remount Root and Kernel File Systems...
[   14.689686] EXT4-fs (sda1): re-mounted. Opts: (null)
         Starting Remount Root and Kernel File Systems...
[   14.734732] systemd[1]: Starting Journal Service...
         Starting Journal Service...
[   14.776997] systemd[1]: Starting Nameserver information manager...
         Starting Nameserver information manager...
[   14.832767] systemd[1]: Mounting Huge Pages File System...
         Mounting Huge Pages File System...
[   14.913399] systemd[1]: Starting Create list of required static device nodes for the current kernel...
[   14.914945] random: nonblocking pool is initialized
         Starting Create list of required st... nodes for the current kernel...
[   15.008668] systemd[1]: Mounting Debug File System...
         Mounting Debug File System...
[   15.034055] systemd[1]: Starting Uncomplicated firewall...
         Starting Uncomplicated firewall...
[   15.076926] systemd[1]: Mounting POSIX Message Queue File System...
         Mounting POSIX Message Queue File System...
[   15.124717] systemd[1]: Starting Set console keymap...
         Starting Set console keymap...
[   15.178559] systemd[1]: Starting Monitoring of LVM2 mirrors, snapshots etc. using dmeventd or progress polling...
         Starting Monitoring of LVM2 mirrors... dmeventd or progress polling...
[   15.268999] systemd[1]: Starting Load Kernel Modules...
[   15.284750] Loading SCI trnsor cas v.0870.

         Startin[   15.538133] iscsi: registered transport (tcp)
g Load Kernel Modules...
[   15.553017] systemd[1]: Listening on LVM2 poll daemon socket.
[[0;32m  OK  [0m] Listening on LVM2 poll daemon socket.
[   15.582027] systemd[1]: Mounted Debug File System.
[   15.583699] iscsi: registered transport(iser)

[[0;32m  OK  [0m] Mounted Debug File System.
[   15.646880] systemd[1]: Mounted Huge Pages File System.
[[0;32m  OK  [0m] Mounted Huge Pages File System.
[   15.697113] systemd[1]: Mounted POSIX Message Queue File System.
[[0;32m  OK  [0m] Mounted POSIX Message Queue File System.
[   15.733778] systemd[1]: Started Journal Service.
[[0;32m  OK  [0m] Started Journal Service.
[[0;32m  OK  [0m] Started Remount Root and Kernel File Systems.
[[0;32m  OK  [0m] Started Create list of required sta...ce nodes for the current kernel.
[[0;32m  OK  [0m] Started Uncomplicated firewall.
[[0;32m  OK  [0m] Started Set console keymap.
[[0;32m  OK  [0m] Started Load Kernel Modules.
[[0;32m  OK  [0m] Started Nameserver information manager.
[[0;32m  OK  [0m] Started LVM2 metadata daemon.
         Starting Apply Kernel Variables...
         Mounting FUSE Control File System...
         Starting Create Static Device Nodes in /dev...
         Starting udev Coldplug all Devices...
         Starting Load/Save Random Seed...
         Starting Flush Journal to Persistent Storage...
[[0;32m  OK  [0m] Mounted FUSE Control File System.
[[0;32m  OK  [0m] Started Apply Kernel Variables.
[[0;32m  OK  [0m] Started Create Static Device Nodes in /dev.
[[0;32m  OK  [0m] Started Load/Save Random Seed.
[[0;32m  OK  [0m] Started udev Coldplug all Devices.
[[0;32m  OK  [0m] Started Flush Journal to Persistent Storage.
[[0;32m  OK  [0m] Started Monitoring of LVM2 mirrors,...ng dmeventd or progress polling.
         Starting udev Kernel Device Manager...
[[0;32m  OK  [0m] Started udev Kernel Device Manager.
[[0;32m  OK  [0m] Reached target Local File Systems (Pre).
[[0;32m  OK  [0m] Reached target Local File Systems.
         Starting Commit a transient machine-id on disk...
         Starting Initial cloud-init job (pre-networking)...
         Starting Tell Plymouth To Write Out Runtime Data...
         Starting Create Volatile Files and Directories...
         Starting LSB: AppArmor initialization...
         Starting Set console font and keymap...
[[0;32m  OK  [0m] Started Dispatch Password Requests to Console Directory Watch.
[[0;32m  OK  [0m] Started Commit a transient machine-id on disk.
[[0;32m  OK  [0m] Started Tell Plymouth To Write Out Runtime Data.
[[0;32m  OK  [0m] Started Create Volatile Files and Directories.
         Starting Update UTMP about System Boot/Shutdown...
[[0;32m  OK  [0m] Started Update UTMP about System Boot/Shutdown.
[[0;32m  OK  [0m] Found device /dev/ttyS0.
[[0;32m  OK  [0m] Listening on Load/Save RF Kill Switch Status /dev/rfkill Watch.
[[0;32m  OK  [0m] Started Set console font and keymap.
[[0;32m  OK  [0m] Created slice system-getty.slice.
[[0;32m  OK  [0m] Started LSB: AppArmor initialization.
[   13.294598] cloud-init[478]: Cloud-init v. 18.3-9-g2e62cb8a-0ubuntu1~16.04.2 running 'init-local' at Fri, 28 Sep 2018 15:50:03 +0000. Up 12.69 seconds.
[[0;32m  OK  [0m] Started Initial cloud-init job (pre-networking).
[[0;32m  OK  [0m] Reached target Network (Pre).
         Starting Raise network interfaces...
[[0;32m  OK  [0m] Started Raise network interfaces.
         Starting Initial cloud-init job (metadata service crawler)...
[[0;32m  OK  [0m] Reached target Network.
[   14.980461] cloud-init[951]: Cloud-init v. 18.3-9-g2e62cb8a-0ubuntu1~16.04.2 running 'init' at Fri, 28 Sep 2018 15:50:04 +0000. Up 14.17 seconds.
[   14.986912] cloud-init[951]: ci-info: ++++++++++++++++++++++++++++++++++++++Net device info+++++++++++++++++++++++++++++++++++++++
[   14.992429] cloud-init[951]: ci-info: +--------+-------+----------------------------+---------------+--------+-------------------+
[   14.995712] cloud-init[951]: ci-info: | Device |   Up  |          Address           |      Mask     | Scope  |     Hw-Address    |
[   14.999275] cloud-init[951]: ci-info: +--------+-------+----------------------------+---------------+--------+-------------------+
[   15.005639] cloud-init[951]: ci-info: | enp0s3 |  True |         10.0.2.15          | 255.255.255.0 | global | 02:1d:76:b3:3c:fe |
[   15.011971] cloud-init[951]: ci-info: | enp0s3 |  True | fe80::1d:76ff:feb3:3cfe/64 |       .       |  link  | 02:1d:76:b3:3c:fe |
[   15.027730] cloud-init[951]: ci-info: | enp0s8 | False |             .              |       .       |   .    | 08:00:27:c4:74:05 |
[[0;32m  OK  [0m] Started Initial cloud-init job (metadata service crawler).
[   15.127621] cloud-init[951]: ci-info: |   lo   |  True |         127.0.0.1          |   255.0.0.0   |  host  |         .         |
[   15.271741] cloud-init[951]: ci-info: |   lo   |  True |          ::1/128           |       .       |  host  |         .         |
[   15.388600] cloud-init[951]: ci-info: +--------+-------+----------------------------+---------------+--------+-------------------+
[[0;32m  OK  [0m] Reached target Cloud-config availability.
[   15.447368] cloud-init[951]: ci-info: +++++++++++++++++++++++++++Route IPv4 info++++++++++++++++++++++++++++
[   15.453796] cloud-init[951]: ci-info: +-------+-------------+----------+---------------+-----------+-------+
[   15.515167] [[0;32m  OK  [0m] Reached target Network is Online.
cloud-init[951]: ci-info: | Route | Destination | Gateway  |    Genmask    | Interface | Flags |
[   15.526571] cloud-init[951]: ci-info: +-------+-------------+----------+---------------+-----------+-------+
[   15.552445] cloud-init[951]: ci-info: |   0   |   0.0.0.0   | 10.0.2.2 |    0.0.0.0    |   enp0s3  |   UG  |
[   15.553188] cloud-init[951]: ci-info: |   1   |   10.0.2.0  | 0.0.0.0  | 255.255.255.0 |   enp0s3  |   U   |
[   15.553402] cloud-init[951]: ci-info: +-------+-------------+----------+---------------+-----------+-------+
[   15.554517] cloud-init[951]: ci-info: +++++++++++++++++++Route IPv6 info+++++++++++++++++++
[   15.554740] cloud-init[951]: ci-info: +-------+-------------+---------+-----------+-------+
[   15.554971] cloud-init[951]: ci-info: | Route | Destination | Gateway | Interface | Flags |
[   15.555248] cloud-init[951]: ci-info: +-------+-------------+---------+-----------+-------+
[   15.555480] cloud-init[951]: ci-info: |   0   |  fe80::/64  |    ::   |   enp0s3  |   U   |
[   15.556163] cloud-init[951]: ci-info: |   3   |   ff00::/8  |    ::   |   enp0s3  |   U   |
[   15.556274] cloud-init[951]: ci-info: +-------+-------------+---------+-----------+-------+
[   15.556504] cloud-init[951]: Generating public/private rsa key pair.
[   15.556745] cloud-init[951]: Your identification has been saved in /etc/ssh/ssh_host_rsa_key.
[   15.557632] cloud-init[951]: Your public key has been saved in /etc/ssh/ssh_host_rsa_key.pub.
[   15.557848] cloud-init[951]: The key fingerprint is:
         Starting iSCSI initiator daemon (iscsid)...
[   15.558459] cloud-init[951]: SHA256:ZK7YA69VLVTn+hMEhBf11XHd3Iyyd80vnYNX5WkhQm4 root@ubuntu-xenial
[   15.887625] cloud-init[951]: The key's randomart image is:
[   15.887887] cloud-init[951]: +---[RSA 2048]----+
[[0;32m  OK  [0m] Reached target System Initialization.
[   15.888692] cloud-init[951]: |         o*+o  =O|
[   16.068983] cloud-init[951]: |        ..o=.o.oX|
[   16.069738] cloud-init         [951]: Starting LXD - unix socket.|        +. E+ooo=|

[   16.129192] cloud-init[951]: |       = ..o. .o*|
[   16.129748] cloud-init[951]: |    .   S o ..oo+|
[[0;32m  OK  [0m] Started Daily Cleanup of Temporary Directories.
[[0;32m  OK  [0m[   16.130299] cloud-init[951]: |     = o . . o.+o|
[   16.216877] cloud-init[951]: |    . *     o ...|
[   16.217201] cloud-init[951]: |     o .     .   |
[   16.217484] ] cloud-initListening on UUID daemon activation socket.[951]: 
|    .            |
[   16.333265] cloud-init[951]: +----[SHA256]-----+
[[0;32m  OK  [0m] Listening on ACPID Listen Socket.
[   16.333959] cloud-init[951]: Generating public/private dsa key pair.
[   16.415031] cloud-init[951]: Your identification has been saved in /etc/ssh/ssh_host_dsa_key.
[   16.415585] cloud-init[951]: Your public key has been saved in /etc/ssh/ssh_host_dsa_key.pub.
[[0;32m  OK  [0m] Started ACPI Events Check.
[[   16.416209] cloud-init[951]: The key fingerprint is:
[   16.514363] cloud-init[951]: SHA256:xEDiYDlWlS4/hucANZ8UHKSd9yMI91LpkIqq+rnfqqI root@ubuntu-xenial
[   16.514815] cloud-init[951]: The key's randomart image is:
[   16.515059] cloud-init[951]: +---[DSA 1024]----+
[   16.515302] cloud-init[951]: |  ooo=B+         |
[   16.515552] cloud-init[951]: | .+oo++= .       |
[   16.515814] cloud-init[951]: | . o+=*.*        |
[   16.516120] cloud-init[951]: |  ...++O .       |
[   16.516298] cloud-init[951]: |  ...+o S o      |
[   16.516547] cloud-init[951]: | .  o =. . .     |
[   16.516792] cloud-init[951]: |.    = .         |
[   16.517069] cloud-init[951]: |o  . ..          |
[   16.517312] cloud-init[951]: |Eo=+o..          |
[   16.518453] cloud-init[951]: +----[SHA256]-----+
[   16.518770] cloud-init[951]: Generating public/private ecdsa key pair.
[0;32m  OK  [0m] Reached target Paths.
         Starting Socket activation for snappy daemon.
[   16.519102] cloud-init[951]: Your identification has been saved in /etc/ssh/ssh_host_ecdsa_key.
[   16.645152] [cloud-init[0;32m  OK  [0m[951]: ] Your public key has been saved in /etc/ssh/ssh_host_ecdsa_key.pub.Started Daily apt download activities.

[   16.647279] cloud-init[951]: The key fingerprint is:
[   16.677715] cloud-init[951]: SHA256:dOsrNxWu24DBIVnkIen++hynUX1xIfScArGnE8f+AhU root@ubuntu-xenial
[   16.678341] cloud-init[951]: The key's randomart image is:
[   16.678666] cloud-init[951]: +---[ECDSA 256]---+
[[0;32m  OK  [0m] Started Daily apt upgrade and clean activities.
[   16.679386] cloud-init[951]: |      .o+  ooE . |
[   16.787303] cloud-init[951]: |      .= .  + = o|
[[0;32m  OK  [0m] Reached target Timers.
[   16.787720] cloud-init[951]: |     .o + .o *.+.|
[   16.848901] cloud-init[951]: |      .+ o oO .o |
[   16.849443] cloud-init[951]: |     .  S o=.o.  |
[[0;32m  OK  [0m] Listening on D-Bus System Message Bus Socket.
[   16.850247] cloud-init[951]: |      .  =  =..  |
[   16.944327] cloud-init[951]: |       .+ +o . . |
[   16.963389] cloud-init[951]: |       .o=++  .  |
[   16.964044] cloud-init[951]: |      .o+ooo.    |
[   16.964706] cloud-init[951]: +----[SHA256]-----+
[   16.964770] cloud-init[951]: Generating public/private ed25519 key pair.
[[0;32m  OK  [0m] Listening on LXD - unix socket.
[[   16.964820] cloud-init[951]: Your identification has been saved in /etc/ssh/ssh_host_ed25519_key.
[   17.134731] cloud-init[951]: Your public key has been saved in /etc/ssh/ssh_host_ed25519_key.pub.
[   17.135063] cloud-init[951]: The key fingerprint is:
[0;32m  OK  [0m] Listening on Socket activation for snappy daemon.
[[   17.136180] cloud-init[951]: SHA256:MNINIhsq6TfNH49n+S3mBUxiWLEz1k9ygHKvTlt+040 root@ubuntu-xenial
[   17.314058] cloud-init[951]: The key's randomart image is:
[   17.314470] cloud-init[951]: +--[ED25519 256]--+
[0;32m  OK  [0m] Started iSCSI initiator daemon (iscsid).
[   17.315615] cloud-init[951]: |  o . .  oo.     |
[   17.715049] cloud-init[951]: | o + o +ooo .    |
[   17.741281] cloud-init[951]: |+ . . +.+B.+ o   |
         Starting Login to default iSCSI targets...
[[0;32m  OK  [0m] Reached target Sockets.[   17.752335] cloud-init[951]: |o   o. oo *.=    |
[   17.778581] cloud-init[951]: | . o o .S .o .   |
[[0;32m  OK  [0m] Reached target Basic System.

[[0;32m  OK  [0m] Started FUSE filesystem for LXC.
[   17.843338] cloud-init[951]: |  . . . +o...    |
[   17.877236] cloud-init[951]: |       oo=+  ....|
[   17.896611] cloud-init[951]: |        oo.+ooE..|
[   17.897139] cloud-init[951]: |          ooo..  |
[   17.897410] cloud-init[951]: +----[SHA256]-----+
[[0;32m  OK  [0m] Started ACPI event daemon.
         Starting System Logging Service...
[[0;32m  OK  [0m] Started D-Bus System Message Bus.
         Starting /etc/rc.local Compatibility...
[[0;32m  OK  [0m] Started Unattended Upgrades Shutdown.
         Starting Virtualbox guest utils...
         Starting LSB: Record successful boot for GRUB...
         Starting Pollinate to seed the pseudo random number generator...
[[0;32m  OK  [0m] Started Regular background program processing daemon.
         Starting Accounts Service...
[[0;32m  OK  [0m] Started Deferred execution scheduler.
         Starting LSB: MD monitoring daemon...
         Starting Snappy daemon...
         Starting LXD - container startup/shutdown...
         Starting Login Service...
[[0;32m  OK  [0m] Started System Logging Service.
[[0;32m  OK  [0m] Started /etc/rc.local Compatibility.
[[0;32m  OK  [0m] Started LXD - container startup/shutdown.
[[0;32m  OK  [0m] Started Login to default iSCSI targets.
[[0;32m  OK  [0m] Started LSB: Record successful boot for GRUB.
[[0;32m  OK  [0m] Started Snappy daemon.
[[0;32m  OK  [0m] Started Virtualbox guest utils.
[[0;32m  OK  [0m] Started Pollinate to seed the pseudo random number generator.
[[0;32m  OK  [0m] Started LSB: MD monitoring daemon.
         Starting Authenticate and Authorize Users to Run Privileged Tasks...
         Starting OpenBSD Secure Shell server...
         Starting Wait until snapd is fully seeded...
[[0;32m  OK  [0m] Reached target Remote File Systems (Pre).
[[0;32m  OK  [0m] Reached target Remote File Systems.
         Starting LSB: automatic crash report generation...
         Starting LSB: Set the CPU Frequency Scaling governor to "ondemand"...
         Starting LSB: daemon to balance interrupts for SMP systems...
         Starting Permit User Sessions...
[[0;32m  OK  [0m] Started OpenBSD Secure Shell server.
[[0;32m  OK  [0m] Started Permit User Sessions.
[[0;32m  OK  [0m] Started Login Service.
[[0;32m  OK  [0m] Started Authenticate and Authorize Users to Run Privileged Tasks.
[[0;32m  OK  [0m] Started Accounts Service.
[[0;32m  OK  [0m] Started LSB: automatic crash report generation.
[[0;32m  OK  [0m] Started LSB: Set the CPU Frequency Scaling governor to "ondemand".
         Starting Hold until boot process finishes up...
         Starting Terminate Plymouth Boot Screen...
[[0;32m  OK  [0m] Started LSB: daemon to balance interrupts for SMP systems.
[[0;32m  OK  [0m] Started Hold until boot process finishes up.
[[0;32m  OK  [0m] Started Terminate Plymouth Boot Screen.
[[0;32m  OK  [0m] Started Getty on tty1.
         Starting Set console scheme...
[[0;32m  OK  [0m] Started Serial Getty on ttyS0.
[[0;32m  OK  [0m] Reached target Login Prompts.
[[0;32m  OK  [0m] Started Wait until snapd is fully seeded.
[[0;32m  OK  [0m] Started Set console scheme.
         Starting Apply the settings specified in cloud-config...
[[0;32m  OK  [0m] Reached target Multi-User System.
[[0;32m  OK  [0m] Reached target Graphical Interface.
         Starting Update UTMP about System Runlevel Changes...
[[0;32m  OK  [0m] Started Update UTMP about System Runlevel Changes.
[   19.743809] cloud-init[1272]: Generating locales (this might take a while)...
[   20.649509] cloud-init[1272]:   en_US.UTF-8... done
[   20.668728] cloud-init[1272]: Generation complete.
[   21.181275] cloud-init[1272]: Cloud-init v. 18.3-9-g2e62cb8a-0ubuntu1~16.04.2 running 'modules:config' at Fri, 28 Sep 2018 15:50:10 +0000. Up 19.60 seconds.
[[0;32m  OK  [0m] Started Apply the settings specified in cloud-config.
         Starting Execute cloud user/final scripts...
ci-info: no authorized ssh keys fingerprints found for user ubuntu.
<14>Sep 28 15:50:12 ec2: 
<14>Sep 28 15:50:12 ec2: #############################################################
<14>Sep 28 15:50:12 ec2: -----BEGIN SSH HOST KEY FINGERPRINTS-----
<14>Sep 28 15:50:12 ec2: 1024 SHA256:xEDiYDlWlS4/hucANZ8UHKSd9yMI91LpkIqq+rnfqqI root@ubuntu-xenial (DSA)
<14>Sep 28 15:50:12 ec2: 256 SHA256:dOsrNxWu24DBIVnkIen++hynUX1xIfScArGnE8f+AhU root@ubuntu-xenial (ECDSA)
<14>Sep 28 15:50:12 ec2: 256 SHA256:MNINIhsq6TfNH49n+S3mBUxiWLEz1k9ygHKvTlt+040 root@ubuntu-xenial (ED25519)
<14>Sep 28 15:50:12 ec2: 2048 SHA256:ZK7YA69VLVTn+hMEhBf11XHd3Iyyd80vnYNX5WkhQm4 root@ubuntu-xenial (RSA)
<14>Sep 28 15:50:12 ec2: -----END SSH HOST KEY FINGERPRINTS-----
<14>Sep 28 15:50:12 ec2: #############################################################
-----BEGIN SSH HOST KEY KEYS-----
ecdsa-sha2-nistp256 AAAAE2VjZHNhLXNoYTItbmlzdHAyNTYAAAAIbmlzdHAyNTYAAABBBOB70vtDh5iHPkLWZ5XCocyKpmv8RXQwI973XO7h4JqFHGIP0C3GxeVVh1a7MkvuqNoS6EJLlxxzAOKqpiJIh44= root@ubuntu-xenial
ssh-ed25519 AAAAC3NzaC1lZDI1NTE5AAAAIPyTfPTxYHi8e6LIUI7R/n7Ra9lRX3fMg5+nP+lTWiMS root@ubuntu-xenial
ssh-rsa AAAAB3NzaC1yc2EAAAADAQABAAABAQDW6OCmK3bY6croAqvAaQi5aPI9eQ6aBMOgo1pbyH/2x0op1PO8E+reae8sG8t4q/VfxlaEwc56Uq3inW5B7bJZjpWS/bYeECDljpWMIPWht3eA3gJAzSEPvYhilGs8JzJO1/Ne1ltlyIG71oUdmD0Scc/rK5vtKukp7voE/CcOD8Jq/brlhgDuzX5TQ8Oi9UgFhsIqyKYvQj22AdJ/CpppOxTKfjf4d1/Oj3/V1RAKURh+bHYkaZRCb3fV6NwDpwNR4Kqe/XkF5ovwouqQQWEdwDauhGZ75Nxq/6Xsiy9jzkCrqyIyXEe1GLb/GHgsH7tn+6EmdEDJC3H/IsDTzOaT root@ubuntu-xenial
-----END SSH HOST KEY KEYS-----
[   22.411025] cloud-init[1314]: Cloud-init v. 18.3-9-g2e62cb8a-0ubuntu1~16.04.2 running 'modules:final' at Fri, 28 Sep 2018 15:50:12 +0000. Up 21.56 seconds.
[   22.453877] cloud-init[1314]: ci-info: no authorized ssh keys fingerprints found for user ubuntu.
[   22.458317] cloud-init[1314]: Cloud-init v. 18.3-9-g2e62cb8a-0ubuntu1~16.04.2 finished at Fri, 28 Sep 2018 15:50:12 +0000. Datasource DataSourceNoCloud [seed=/dev/sdb][dsmode=net].  Up 22.40 seconds
[[0;32m  OK  [0m] Started Execute cloud user/final scripts.
[[0;32m  OK  [0m] Reached target Cloud-init target.

Ubuntu 16.04.5 LTS ubuntu-xenial ttyS0

ubuntu-xenial login: 